[info] Loading project definition from /home/duncan/repos/hardware/chisel-pipelined-olk/project
[info] Set current project to chisel-pipelined-olk (in build file:/home/duncan/repos/hardware/chisel-pipelined-olk/)
[info] Running OLK.Top AlphaStage --genHarness --compile --test --backend c --vcd
CPP elaborate
[[35minfo[0m] [0.065] // COMPILING < (class OLK.Sum.SumR)>(0)
[[35minfo[0m] [0.073] giving names
[[35minfo[0m] [0.082] executing custom transforms
[[35minfo[0m] [0.083] adding clocks and resets
[[35minfo[0m] [0.090] inferring widths
[[35minfo[0m] [0.103] checking widths
[[35minfo[0m] [0.108] lowering complex nodes to primitives
[[35minfo[0m] [0.108] removing type nodes
[[35minfo[0m] [0.111] compiling 123 nodes
[[35minfo[0m] [0.111] computing memory ports
[[35minfo[0m] [0.111] resolving nodes to the components
[[35minfo[0m] [0.129] creating clock domains
[[35minfo[0m] [0.129] pruning unconnected IOs
[[35minfo[0m] [0.132] checking for combinational loops
[[35minfo[0m] [0.135] NO COMBINATIONAL LOOP FOUND
[[35minfo[0m] [0.145] populating clock domains
CppBackend::elaborate: need 0, redundant 0 shadow registers
[[35minfo[0m] [0.163] generating cpp files
CppBackend: createCppFile SumR.cpp
[[35minfo[0m] [0.817] g++ -c -o ./SumR-emulator.o  -I../ -Inull/csrc/  ./SumR-emulator.cpp RET 0
[[35minfo[0m] [1.295] g++ -c -o ./SumR.o  -I../ -Inull/csrc/  ./SumR.cpp RET 0
[[35minfo[0m] [1.345] g++  -o ./SumR ./SumR.o ./SumR-emulator.o RET 0
[[33mwarn[0m] top.scala:22: 'AlphaStage' is an unknown argument. in class OLK.Top$
SEED 1434944203834
STARTING ./SumR
RESET 5
  POKE SumR.io_vi_0 <-  0x147
  POKE SumR.io_alphai_0 <-  0x5f3
  POKE SumR.io_vi_1 <-  0x58f
  POKE SumR.io_alphai_1 <-  0x12
  POKE SumR.io_vi_2 <-  0x7f
  POKE SumR.io_alphai_2 <-  0x762
  POKE SumR.io_vi_3 <-  0x26c
  POKE SumR.io_alphai_3 <-  0x26
  POKE SumR.io_vi_4 <-  0xcb
  POKE SumR.io_alphai_4 <-  0x2d8
  POKE SumR.io_vi_5 <-  0x514
  POKE SumR.io_alphai_5 <-  0x4dd
  POKE SumR.io_vi_6 <-  0x6c
  POKE SumR.io_alphai_6 <-  0x0
  POKE SumR.io_vi_7 <-  0x3a
  POKE SumR.io_alphai_7 <-  0xdbc
  PEEK SumR.io_sumR -> 0x0c02
EXPECT SumR.io_sumR <- 3074 == 10771 FAIL
  POKE SumR.io_vi_0 <-  0x1ad
  POKE SumR.io_alphai_0 <-  0xb52
  POKE SumR.io_vi_1 <-  0x858
  POKE SumR.io_alphai_1 <-  0x199
  POKE SumR.io_vi_2 <-  0x520
  POKE SumR.io_alphai_2 <-  0x7f5
  POKE SumR.io_vi_3 <-  0x9d6
  POKE SumR.io_alphai_3 <-  0xa93
  POKE SumR.io_vi_4 <-  0x61b
  POKE SumR.io_alphai_4 <-  0x1ad
  POKE SumR.io_vi_5 <-  0x4cd
  POKE SumR.io_alphai_5 <-  0x326
  POKE SumR.io_vi_6 <-  0x1f1
  POKE SumR.io_alphai_6 <-  0x185
  POKE SumR.io_vi_7 <-  0x3b5
  POKE SumR.io_alphai_7 <-  0xbc4
  PEEK SumR.io_sumR -> 0xb114
EXPECT SumR.io_sumR <- 45332 == 63752 FAIL
  POKE SumR.io_vi_0 <-  0x3b5
  POKE SumR.io_alphai_0 <-  0x59
  POKE SumR.io_vi_1 <-  0x4d
  POKE SumR.io_alphai_1 <-  0x177
  POKE SumR.io_vi_2 <-  0xc5
  POKE SumR.io_alphai_2 <-  0x1c0
  POKE SumR.io_vi_3 <-  0x0
  POKE SumR.io_alphai_3 <-  0x3e
  POKE SumR.io_vi_4 <-  0x1f9
  POKE SumR.io_alphai_4 <-  0xef
  POKE SumR.io_vi_5 <-  0x25e
  POKE SumR.io_alphai_5 <-  0x8e4
  POKE SumR.io_vi_6 <-  0xa40
  POKE SumR.io_alphai_6 <-  0x0
  POKE SumR.io_vi_7 <-  0x47c
  POKE SumR.io_alphai_7 <-  0x4f7
  PEEK SumR.io_sumR -> 0x0311
EXPECT SumR.io_sumR <- 785 == 12343 FAIL
  POKE SumR.io_vi_0 <-  0x270
  POKE SumR.io_alphai_0 <-  0x3d2
  POKE SumR.io_vi_1 <-  0x751
  POKE SumR.io_alphai_1 <-  0x0
  POKE SumR.io_vi_2 <-  0x8cf
  POKE SumR.io_alphai_2 <-  0x1db
  POKE SumR.io_vi_3 <-  0x550
  POKE SumR.io_alphai_3 <-  0xc4
  POKE SumR.io_vi_4 <-  0x7
  POKE SumR.io_alphai_4 <-  0x0
  POKE SumR.io_vi_5 <-  0x4e4
  POKE SumR.io_alphai_5 <-  0xd97
  POKE SumR.io_vi_6 <-  0x15f
  POKE SumR.io_alphai_6 <-  0x8c
  POKE SumR.io_vi_7 <-  0x1c6
  POKE SumR.io_alphai_7 <-  0x640
  PEEK SumR.io_sumR -> 0x1db8
EXPECT SumR.io_sumR <- 7608 == 27653 FAIL
  POKE SumR.io_vi_0 <-  0x230
  POKE SumR.io_alphai_0 <-  0x74
  POKE SumR.io_vi_1 <-  0x7d3
  POKE SumR.io_alphai_1 <-  0x0
  POKE SumR.io_vi_2 <-  0xf0
  POKE SumR.io_alphai_2 <-  0xcd
  POKE SumR.io_vi_3 <-  0xa4e
  POKE SumR.io_alphai_3 <-  0x951
  POKE SumR.io_vi_4 <-  0xe1
  POKE SumR.io_alphai_4 <-  0x34c
  POKE SumR.io_vi_5 <-  0x351
  POKE SumR.io_alphai_5 <-  0x16f
  POKE SumR.io_vi_6 <-  0x76b
  POKE SumR.io_alphai_6 <-  0xb8c
  POKE SumR.io_vi_7 <-  0x74d
  POKE SumR.io_alphai_7 <-  0x5db
  PEEK SumR.io_sumR -> 0x61bd
EXPECT SumR.io_sumR <- 25021 == 59842 FAIL
  POKE SumR.io_vi_0 <-  0x774
  POKE SumR.io_alphai_0 <-  0x39b
  POKE SumR.io_vi_1 <-  0x26a
  POKE SumR.io_alphai_1 <-  0x17f
  POKE SumR.io_vi_2 <-  0xd3
  POKE SumR.io_alphai_2 <-  0x21e
  POKE SumR.io_vi_3 <-  0x391
  POKE SumR.io_alphai_3 <-  0x59d
  POKE SumR.io_vi_4 <-  0x9
  POKE SumR.io_alphai_4 <-  0x5a1
  POKE SumR.io_vi_5 <-  0x977
  POKE SumR.io_alphai_5 <-  0x24f
  POKE SumR.io_vi_6 <-  0xed
  POKE SumR.io_alphai_6 <-  0x26f
  POKE SumR.io_vi_7 <-  0x619
  POKE SumR.io_alphai_7 <-  0x1c0
  PEEK SumR.io_sumR -> 0x343d
EXPECT SumR.io_sumR <- 13373 == 22325 FAIL
  POKE SumR.io_vi_0 <-  0x10e
  POKE SumR.io_alphai_0 <-  0x296
  POKE SumR.io_vi_1 <-  0xe61
  POKE SumR.io_alphai_1 <-  0x135
  POKE SumR.io_vi_2 <-  0x2df
  POKE SumR.io_alphai_2 <-  0x18b
  POKE SumR.io_vi_3 <-  0xba6
  POKE SumR.io_alphai_3 <-  0x9f
  POKE SumR.io_vi_4 <-  0x105
  POKE SumR.io_alphai_4 <-  0x6f7
  POKE SumR.io_vi_5 <-  0x809
  POKE SumR.io_alphai_5 <-  0x1fc
  POKE SumR.io_vi_6 <-  0x27
  POKE SumR.io_alphai_6 <-  0x151
  POKE SumR.io_vi_7 <-  0x172
  POKE SumR.io_alphai_7 <-  0x3a7
  PEEK SumR.io_sumR -> 0x1fbf
EXPECT SumR.io_sumR <- 8127 == 15438 FAIL
  POKE SumR.io_vi_0 <-  0x98
  POKE SumR.io_alphai_0 <-  0x69
  POKE SumR.io_vi_1 <-  0x11f
  POKE SumR.io_alphai_1 <-  0x60f
  POKE SumR.io_vi_2 <-  0x691
  POKE SumR.io_alphai_2 <-  0x26f
  POKE SumR.io_vi_3 <-  0x0
  POKE SumR.io_alphai_3 <-  0x732
  POKE SumR.io_vi_4 <-  0x110
  POKE SumR.io_alphai_4 <-  0x44f
  POKE SumR.io_vi_5 <-  0x135
  POKE SumR.io_alphai_5 <-  0x44
  POKE SumR.io_vi_6 <-  0x8f
  POKE SumR.io_alphai_6 <-  0x12e
  POKE SumR.io_vi_7 <-  0x54e
  POKE SumR.io_alphai_7 <-  0x238
  PEEK SumR.io_sumR -> 0x1702
EXPECT SumR.io_sumR <- 5890 == 10332 FAIL
  POKE SumR.io_vi_0 <-  0x173
  POKE SumR.io_alphai_0 <-  0x50
  POKE SumR.io_vi_1 <-  0xb59
  POKE SumR.io_alphai_1 <-  0x651
  POKE SumR.io_vi_2 <-  0x0
  POKE SumR.io_alphai_2 <-  0x477
  POKE SumR.io_vi_3 <-  0x1a2
  POKE SumR.io_alphai_3 <-  0x17d
  POKE SumR.io_vi_4 <-  0xe1
  POKE SumR.io_alphai_4 <-  0x6e3
  POKE SumR.io_vi_5 <-  0x3da
  POKE SumR.io_alphai_5 <-  0x37c
  POKE SumR.io_vi_6 <-  0x76
  POKE SumR.io_alphai_6 <-  0x754
  POKE SumR.io_vi_7 <-  0x406
  POKE SumR.io_alphai_7 <-  0x29b
  PEEK SumR.io_sumR -> 0x4a8e
EXPECT SumR.io_sumR <- 19086 == 27615 FAIL
  POKE SumR.io_vi_0 <-  0x25d
  POKE SumR.io_alphai_0 <-  0xf5
  POKE SumR.io_vi_1 <-  0x92
  POKE SumR.io_alphai_1 <-  0x0
  POKE SumR.io_vi_2 <-  0x226
  POKE SumR.io_alphai_2 <-  0x575
  POKE SumR.io_vi_3 <-  0x1d5
  POKE SumR.io_alphai_3 <-  0x204
  POKE SumR.io_vi_4 <-  0xcf
  POKE SumR.io_alphai_4 <-  0x6c8
  POKE SumR.io_vi_5 <-  0x5c1
  POKE SumR.io_alphai_5 <-  0x600
  POKE SumR.io_vi_6 <-  0x628
  POKE SumR.io_alphai_6 <-  0x1e9
  POKE SumR.io_vi_7 <-  0x76f
  POKE SumR.io_alphai_7 <-  0x497
  PEEK SumR.io_sumR -> 0x11ad
EXPECT SumR.io_sumR <- 4525 == 26508 FAIL
  POKE SumR.io_vi_0 <-  0x702
  POKE SumR.io_alphai_0 <-  0x335
  POKE SumR.io_vi_1 <-  0x3ca
  POKE SumR.io_alphai_1 <-  0x9f2
  POKE SumR.io_vi_2 <-  0x1ce
  POKE SumR.io_alphai_2 <-  0x423
  POKE SumR.io_vi_3 <-  0x4f
  POKE SumR.io_alphai_3 <-  0x0
  POKE SumR.io_vi_4 <-  0x160
  POKE SumR.io_alphai_4 <-  0xbd5
  POKE SumR.io_vi_5 <-  0x1c3
  POKE SumR.io_alphai_5 <-  0x675
  POKE SumR.io_vi_6 <-  0x83
  POKE SumR.io_alphai_6 <-  0xe7
  POKE SumR.io_vi_7 <-  0x433
  POKE SumR.io_alphai_7 <-  0x340
  PEEK SumR.io_sumR -> 0x439e
EXPECT SumR.io_sumR <- 17310 == 27996 FAIL
RAN 0 CYCLES FAILED FIRST AT CYCLE 0
*** FAILED ***
[error] (run-main-0) Chisel.ChiselException: Module under test FAILED at least one test vector.
Chisel.ChiselException: Module under test FAILED at least one test vector.
	at OLK.Top$.main(top.scala:22)
[trace] Stack trace suppressed: run 'last root/compile:run' for the full output.
java.lang.RuntimeException: Nonzero exit code: 1
	at scala.sys.package$.error(package.scala:27)
[trace] Stack trace suppressed: run 'last root/compile:run' for the full output.
[error] (root/compile:run) Nonzero exit code: 1
[error] Total time: 2 s, completed 22/06/2015 1:36:45 PM
