[info] Loading project definition from /home/duncan/repos/hardware/chisel-pipelined-olk/project
[info] Set current project to chisel-pipelined-olk (in build file:/home/duncan/repos/hardware/chisel-pipelined-olk/)
[info] Running OLK.Top AlphaFunctOLKr --genHarness --compile --test --backend c --vcd
CPP elaborate
[[35minfo[0m] [0.103] // COMPILING < (class OLK.Sum.SumR)>(0)
[[35minfo[0m] [0.167] giving names
[[35minfo[0m] [0.186] executing custom transforms
[[35minfo[0m] [0.187] adding clocks and resets
[[35minfo[0m] [0.194] inferring widths
[[35minfo[0m] [0.208] checking widths
[[35minfo[0m] [0.213] lowering complex nodes to primitives
[[35minfo[0m] [0.213] removing type nodes
[[35minfo[0m] [0.215] compiling 123 nodes
[[35minfo[0m] [0.215] computing memory ports
[[35minfo[0m] [0.216] resolving nodes to the components
[[35minfo[0m] [0.234] creating clock domains
[[35minfo[0m] [0.235] pruning unconnected IOs
[[35minfo[0m] [0.237] checking for combinational loops
[[35minfo[0m] [0.240] NO COMBINATIONAL LOOP FOUND
[[35minfo[0m] [0.250] populating clock domains
CppBackend::elaborate: need 0, redundant 0 shadow registers
[[35minfo[0m] [0.271] generating cpp files
CppBackend: createCppFile SumR.cpp
[[35minfo[0m] [0.939] g++ -c -o ./SumR-emulator.o  -I../ -Inull/csrc/  ./SumR-emulator.cpp RET 0
[[35minfo[0m] [1.432] g++ -c -o ./SumR.o  -I../ -Inull/csrc/  ./SumR.cpp RET 0
[[35minfo[0m] [1.507] g++  -o ./SumR ./SumR.o ./SumR-emulator.o RET 0
[[33mwarn[0m] top.scala:22: 'AlphaFunctOLKr' is an unknown argument. in class OLK.Top$
SEED 1434944196582
STARTING ./SumR
RESET 5
  POKE SumR.io_vi_0 <-  0x5c
  POKE SumR.io_alphai_0 <-  0x134
  POKE SumR.io_vi_1 <-  0x0
  POKE SumR.io_alphai_1 <-  0xbae
  POKE SumR.io_vi_2 <-  0x914
  POKE SumR.io_alphai_2 <-  0x8ec
  POKE SumR.io_vi_3 <-  0x44d
  POKE SumR.io_alphai_3 <-  0x2b4
  POKE SumR.io_vi_4 <-  0x835
  POKE SumR.io_alphai_4 <-  0x988
  POKE SumR.io_vi_5 <-  0xebf
  POKE SumR.io_alphai_5 <-  0x81e
  POKE SumR.io_vi_6 <-  0x705
  POKE SumR.io_alphai_6 <-  0xd6f
  POKE SumR.io_vi_7 <-  0xc4
  POKE SumR.io_alphai_7 <-  0x68e
  PEEK SumR.io_sumR -> 0x5d0c
EXPECT SumR.io_sumR <- 23820 == 99919 FAIL
  POKE SumR.io_vi_0 <-  0x63
  POKE SumR.io_alphai_0 <-  0x13a
  POKE SumR.io_vi_1 <-  0x6b
  POKE SumR.io_alphai_1 <-  0x6e3
  POKE SumR.io_vi_2 <-  0x678
  POKE SumR.io_alphai_2 <-  0x1d7
  POKE SumR.io_vi_3 <-  0x250
  POKE SumR.io_alphai_3 <-  0x5bf
  POKE SumR.io_vi_4 <-  0x87
  POKE SumR.io_alphai_4 <-  0x39d
  POKE SumR.io_vi_5 <-  0x5c4
  POKE SumR.io_alphai_5 <-  0xdb
  POKE SumR.io_vi_6 <-  0x400
  POKE SumR.io_alphai_6 <-  0x0
  POKE SumR.io_vi_7 <-  0x15b
  POKE SumR.io_alphai_7 <-  0x54f
  PEEK SumR.io_sumR -> 0x1c88
EXPECT SumR.io_sumR <- 7304 == 10895 FAIL
  POKE SumR.io_vi_0 <-  0x593
  POKE SumR.io_alphai_0 <-  0x6b
  POKE SumR.io_vi_1 <-  0x61b
  POKE SumR.io_alphai_1 <-  0xd1
  POKE SumR.io_vi_2 <-  0x586
  POKE SumR.io_alphai_2 <-  0x35d
  POKE SumR.io_vi_3 <-  0x4ca
  POKE SumR.io_alphai_3 <-  0x50
  POKE SumR.io_vi_4 <-  0x41
  POKE SumR.io_alphai_4 <-  0x62
  POKE SumR.io_vi_5 <-  0x4c4
  POKE SumR.io_alphai_5 <-  0x8e3
  POKE SumR.io_vi_6 <-  0x3d2
  POKE SumR.io_alphai_6 <-  0xafd
  POKE SumR.io_vi_7 <-  0x8f
  POKE SumR.io_alphai_7 <-  0x814
  PEEK SumR.io_sumR -> 0x1b62
EXPECT SumR.io_sumR <- 7010 == 29777 FAIL
  POKE SumR.io_vi_0 <-  0x303
  POKE SumR.io_alphai_0 <-  0x2b4
  POKE SumR.io_vi_1 <-  0x8b6
  POKE SumR.io_alphai_1 <-  0xe28
  POKE SumR.io_vi_2 <-  0x567
  POKE SumR.io_alphai_2 <-  0x5fb
  POKE SumR.io_vi_3 <-  0x363
  POKE SumR.io_alphai_3 <-  0x107
  POKE SumR.io_vi_4 <-  0xe
  POKE SumR.io_alphai_4 <-  0x3f5
  POKE SumR.io_vi_5 <-  0x40b
  POKE SumR.io_alphai_5 <-  0xb38
  POKE SumR.io_vi_6 <-  0x299
  POKE SumR.io_alphai_6 <-  0x5d1
  POKE SumR.io_vi_7 <-  0x847
  POKE SumR.io_alphai_7 <-  0xe6
  PEEK SumR.io_sumR -> 0xa73c
EXPECT SumR.io_sumR <- 42812 == 60249 FAIL
  POKE SumR.io_vi_0 <-  0x182
  POKE SumR.io_alphai_0 <-  0x37e
  POKE SumR.io_vi_1 <-  0x55c
  POKE SumR.io_alphai_1 <-  0x993
  POKE SumR.io_vi_2 <-  0x8f
  POKE SumR.io_alphai_2 <-  0x167
  POKE SumR.io_vi_3 <-  0x5c8
  POKE SumR.io_alphai_3 <-  0x201
  POKE SumR.io_vi_4 <-  0xa67
  POKE SumR.io_alphai_4 <-  0x369
  POKE SumR.io_vi_5 <-  0x1d9
  POKE SumR.io_alphai_5 <-  0x175
  POKE SumR.io_vi_6 <-  0xcf
  POKE SumR.io_alphai_6 <-  0x89d
  POKE SumR.io_vi_7 <-  0x32e
  POKE SumR.io_alphai_7 <-  0xb65
  PEEK SumR.io_sumR -> 0x44ef
EXPECT SumR.io_sumR <- 17647 == 38467 FAIL
  POKE SumR.io_vi_0 <-  0x720
  POKE SumR.io_alphai_0 <-  0xa8d
  POKE SumR.io_vi_1 <-  0xa9
  POKE SumR.io_alphai_1 <-  0xa3e
  POKE SumR.io_vi_2 <-  0x29e
  POKE SumR.io_alphai_2 <-  0x590
  POKE SumR.io_vi_3 <-  0x48f
  POKE SumR.io_alphai_3 <-  0x0
  POKE SumR.io_vi_4 <-  0xae1
  POKE SumR.io_alphai_4 <-  0x3a4
  POKE SumR.io_vi_5 <-  0x2cb
  POKE SumR.io_alphai_5 <-  0x27c
  POKE SumR.io_vi_6 <-  0x888
  POKE SumR.io_alphai_6 <-  0xad
  POKE SumR.io_vi_7 <-  0x37
  POKE SumR.io_alphai_7 <-  0x56d
  PEEK SumR.io_sumR -> 0x607c
EXPECT SumR.io_sumR <- 24700 == 38401 FAIL
  POKE SumR.io_vi_0 <-  0x43
  POKE SumR.io_alphai_0 <-  0x87f
  POKE SumR.io_vi_1 <-  0x766
  POKE SumR.io_alphai_1 <-  0xbe
  POKE SumR.io_vi_2 <-  0x801
  POKE SumR.io_alphai_2 <-  0x570
  POKE SumR.io_vi_3 <-  0x243
  POKE SumR.io_alphai_3 <-  0x11d
  POKE SumR.io_vi_4 <-  0xd9
  POKE SumR.io_alphai_4 <-  0x600
  POKE SumR.io_vi_5 <-  0x7cb
  POKE SumR.io_alphai_5 <-  0xedc
  POKE SumR.io_vi_6 <-  0x493
  POKE SumR.io_alphai_6 <-  0xee
  POKE SumR.io_vi_7 <-  0x4
  POKE SumR.io_alphai_7 <-  0xad0
  PEEK SumR.io_sumR -> 0x35bf
EXPECT SumR.io_sumR <- 13759 == 45847 FAIL
  POKE SumR.io_vi_0 <-  0x424
  POKE SumR.io_alphai_0 <-  0x1c9
  POKE SumR.io_vi_1 <-  0x339
  POKE SumR.io_alphai_1 <-  0xbe
  POKE SumR.io_vi_2 <-  0x1af
  POKE SumR.io_alphai_2 <-  0x231
  POKE SumR.io_vi_3 <-  0x312
  POKE SumR.io_alphai_3 <-  0x76c
  POKE SumR.io_vi_4 <-  0x30a
  POKE SumR.io_alphai_4 <-  0x282
  POKE SumR.io_vi_5 <-  0xbf9
  POKE SumR.io_alphai_5 <-  0x497
  POKE SumR.io_vi_6 <-  0xaf1
  POKE SumR.io_alphai_6 <-  0x8f4
  POKE SumR.io_vi_7 <-  0x604
  POKE SumR.io_alphai_7 <-  0x7d2
  PEEK SumR.io_sumR -> 0x2441
EXPECT SumR.io_sumR <- 9281 == 62427 FAIL
  POKE SumR.io_vi_0 <-  0x279
  POKE SumR.io_alphai_0 <-  0x3d4
  POKE SumR.io_vi_1 <-  0x81e
  POKE SumR.io_alphai_1 <-  0x614
  POKE SumR.io_vi_2 <-  0x10b
  POKE SumR.io_alphai_2 <-  0x272
  POKE SumR.io_vi_3 <-  0x65c
  POKE SumR.io_alphai_3 <-  0x1b
  POKE SumR.io_vi_4 <-  0x0
  POKE SumR.io_alphai_4 <-  0x40d
  POKE SumR.io_vi_5 <-  0x52e
  POKE SumR.io_alphai_5 <-  0xae3
  POKE SumR.io_vi_6 <-  0x1cd
  POKE SumR.io_alphai_6 <-  0xa64
  POKE SumR.io_vi_7 <-  0x3c5
  POKE SumR.io_alphai_7 <-  0x4c7
  PEEK SumR.io_sumR -> 0x3e04
EXPECT SumR.io_sumR <- 15876 == 39707 FAIL
  POKE SumR.io_vi_0 <-  0x276
  POKE SumR.io_alphai_0 <-  0x1b8
  POKE SumR.io_vi_1 <-  0x5c
  POKE SumR.io_alphai_1 <-  0x25d
  POKE SumR.io_vi_2 <-  0x4de
  POKE SumR.io_alphai_2 <-  0xc
  POKE SumR.io_vi_3 <-  0x0
  POKE SumR.io_alphai_3 <-  0x0
  POKE SumR.io_vi_4 <-  0x382
  POKE SumR.io_alphai_4 <-  0x0
  POKE SumR.io_vi_5 <-  0x31
  POKE SumR.io_alphai_5 <-  0x83f
  POKE SumR.io_vi_6 <-  0x6a
  POKE SumR.io_alphai_6 <-  0x284
  POKE SumR.io_vi_7 <-  0x9f0
  POKE SumR.io_alphai_7 <-  0x39d
  PEEK SumR.io_sumR -> 0x054d
EXPECT SumR.io_sumR <- 1357 == 11219 FAIL
  POKE SumR.io_vi_0 <-  0x0
  POKE SumR.io_alphai_0 <-  0x765
  POKE SumR.io_vi_1 <-  0x251
  POKE SumR.io_alphai_1 <-  0x1ab
  POKE SumR.io_vi_2 <-  0x6f2
  POKE SumR.io_alphai_2 <-  0x4fc
  POKE SumR.io_vi_3 <-  0x16d
  POKE SumR.io_alphai_3 <-  0x74b
  POKE SumR.io_vi_4 <-  0x17
  POKE SumR.io_alphai_4 <-  0x939
  POKE SumR.io_vi_5 <-  0x87
  POKE SumR.io_alphai_5 <-  0xa7d
  POKE SumR.io_vi_6 <-  0x68a
  POKE SumR.io_alphai_6 <-  0xe44
  POKE SumR.io_vi_7 <-  0x400
  POKE SumR.io_alphai_7 <-  0xa85
  PEEK SumR.io_sumR -> 0x30e0
EXPECT SumR.io_sumR <- 12512 == 48803 FAIL
RAN 0 CYCLES FAILED FIRST AT CYCLE 0
*** FAILED ***
[error] (run-main-0) Chisel.ChiselException: Module under test FAILED at least one test vector.
Chisel.ChiselException: Module under test FAILED at least one test vector.
	at OLK.Top$.main(top.scala:22)
[trace] Stack trace suppressed: run 'last root/compile:run' for the full output.
java.lang.RuntimeException: Nonzero exit code: 1
	at scala.sys.package$.error(package.scala:27)
[trace] Stack trace suppressed: run 'last root/compile:run' for the full output.
[error] (root/compile:run) Nonzero exit code: 1
[error] Total time: 3 s, completed 22/06/2015 1:36:38 PM
